<?xml version="1.0" encoding="UTF-8"?>
<!-- Generated by org.testng.reporters.JUnitXMLReporter -->
<testsuite ignored="2" hostname="DESKTOP-N8H8ECD" failures="0" tests="2" name="Test(failed)(failed)" time="0.05" errors="0" timestamp="2023-06-16T10:31:17 IST">
  <testcase classname="TestNG.Exm13_Failed_xml_Rerun" name="TC4" time="0.01"/>
  <testcase classname="TestNG.Exm13_Failed_xml_Rerun" name="TC3" time="0.0"/>
  <testcase classname="TestNG.Exm13_Failed_xml_Rerun" name="TC1" time="0.0">
    <ignored/>
  </testcase> <!-- TC1 -->
  <testcase classname="TestNG.Exm13_Failed_xml_Rerun" name="TC2" time="0.0">
    <ignored/>
  </testcase> <!-- TC2 -->
</testsuite> <!-- Test(failed)(failed) -->
