<?xml version="1.0" encoding="UTF-8"?>
<!-- Generated by org.testng.reporters.JUnitXMLReporter -->
<testsuite ignored="0" hostname="DESKTOP-N8H8ECD" failures="0" tests="6" name="Test1" time="0.074" errors="0" timestamp="2023-06-11T13:40:23 IST">
  <testcase classname="TestNG.Exm11_Sample2" name="TC1" time="0.01"/>
  <testcase classname="TestNG.Exm11_Sample2" name="TC2" time="0.001"/>
  <testcase classname="TestNG.Exm11_Sample2" name="TC3" time="0.001"/>
  <testcase classname="TestNG.Exm11_Sample1" name="TC1" time="0.001"/>
  <testcase classname="TestNG.Exm11_Sample1" name="TC2" time="0.001"/>
  <testcase classname="TestNG.Exm11_Sample1" name="TC3" time="0.001"/>
</testsuite> <!-- Test1 -->
